Compiling the CXX compiler identification source file "CMakeCXXCompilerId.cpp" failed.
Compiler: CMAKE_CXX_COMPILER-NOTFOUND 
Build flags: 
Id flags: 

The output was:
No such file or directory


Compiling the CXX compiler identification source file "CMakeCXXCompilerId.cpp" failed.
Compiler: CMAKE_CXX_COMPILER-NOTFOUND 
Build flags: 
Id flags: -c

The output was:
No such file or directory


Checking whether the CXX compiler is IAR using "" did not match "IAR .+ Compiler":
Determining if the pthread_create exist failed with the following output:
Change Dir: /home/ubuntu/ros_workspace/sandbox/test/build/CMakeFiles/CMakeTmp

Run Build Command:/usr/bin/make "cmTryCompileExec3710379287/fast"
make[1]: Entering directory `/home/ubuntu/ros_workspace/sandbox/test/build/CMakeFiles/CMakeTmp'
/usr/bin/make -f CMakeFiles/cmTryCompileExec3710379287.dir/build.make CMakeFiles/cmTryCompileExec3710379287.dir/build
make[2]: Entering directory `/home/ubuntu/ros_workspace/sandbox/test/build/CMakeFiles/CMakeTmp'
/usr/bin/cmake -E cmake_progress_report /home/ubuntu/ros_workspace/sandbox/test/build/CMakeFiles/CMakeTmp/CMakeFiles 1
Building C object CMakeFiles/cmTryCompileExec3710379287.dir/CheckSymbolExists.c.o
/usr/bin/cc    -o CMakeFiles/cmTryCompileExec3710379287.dir/CheckSymbolExists.c.o   -c /home/ubuntu/ros_workspace/sandbox/test/build/CMakeFiles/CMakeTmp/CheckSymbolExists.c
Linking C executable cmTryCompileExec3710379287
/usr/bin/cmake -E cmake_link_script CMakeFiles/cmTryCompileExec3710379287.dir/link.txt --verbose=1
/usr/bin/cc       CMakeFiles/cmTryCompileExec3710379287.dir/CheckSymbolExists.c.o  -o cmTryCompileExec3710379287 -rdynamic 
CMakeFiles/cmTryCompileExec3710379287.dir/CheckSymbolExists.c.o: In function `main':
CheckSymbolExists.c:(.make[2]: Leaving directory `/home/ubuntu/ros_workspace/sandbox/test/build/CMakeFiles/CMakeTmp'
make[1]: Leaving directory `/home/ubuntu/ros_workspace/sandbox/test/build/CMakeFiles/CMakeTmp'
text+0xe): undefined reference to `pthread_create'
CheckSymbolExists.c:(.text+0x12): undefined reference to `pthread_create'
collect2: error: ld returned 1 exit status
make[2]: *** [cmTryCompileExec3710379287] Error 1
make[1]: *** [cmTryCompileExec3710379287/fast] Error 2

File /home/ubuntu/ros_workspace/sandbox/test/build/CMakeFiles/CMakeTmp/CheckSymbolExists.c:
/* */
#include <pthread.h>

int main(int argc, char** argv)
{
  (void)argv;
#ifndef pthread_create
  return ((int*)(&pthread_create))[argc];
#else
  (void)argc;
  return 0;
#endif
}

Determining if the function pthread_create exists in the pthreads failed with the following output:
Change Dir: /home/ubuntu/ros_workspace/sandbox/test/build/CMakeFiles/CMakeTmp

Run Build Command:/usr/bin/make "cmTryCompileExec4016067172/fast"
make[1]: Entering directory `/home/ubuntu/ros_workspace/sandbox/test/build/CMakeFiles/CMakeTmp'
/usr/bin/make -f CMakeFiles/cmTryCompileExec4016067172.dir/build.make CMakeFiles/cmTryCompileExec4016067172.dir/build
make[2]: Entering directory `/home/ubuntu/ros_workspace/sandbox/test/build/CMakeFiles/CMakeTmp'
/usr/bin/cmake -E cmake_progress_report /home/ubuntu/ros_workspace/sandbox/test/build/CMakeFiles/CMakeTmp/CMakeFiles 1
Building C object CMakeFiles/cmTryCompileExec4016067172.dir/CheckFunctionExists.c.o
/usr/bin/cc   -DCHECK_FUNCTION_EXISTS=pthread_create   -o CMakeFiles/cmTryCompileExec4016067172.dir/CheckFunctionExists.c.o   -c /usr/share/cmake-2.8/Modules/CheckFunctionExists.c
Linking C executable cmTryCompileExec4016067172
/usr/bin/cmake -E cmake_link_script CMakeFiles/cmTryCompileExec4016067172.dir/link.txt --verbose=1
/usr/bin/cc   -DCHECK_FUNCTION_EXISTS=pthread_create    CMakeFiles/cmTryCompileExec4016067172.dir/CheckFunctionExists.c.o  -o cmTryCompileExec4016067172 -rdynamic -lpthreads 
/usr/bin/ld: cannot find -lpthreads
collect2: error: ld returned 1 exit status
make[2]: Leaving directory `/home/ubuntu/ros_workspace/sandbox/test/build/CMakeFiles/CMakeTmp'
make[2]: *** [cmTryCompileExec4016067172] Error 1
make[1]: Leaving directory `/home/ubuntu/ros_workspace/sandbox/test/build/CMakeFiles/CMakeTmp'
make[1]: *** [cmTryCompileExec4016067172/fast] Error 2


