Compiling the CXX compiler identification source file "CMakeCXXCompilerId.cpp" failed.
Compiler: CMAKE_CXX_COMPILER-NOTFOUND 
Build flags: 
Id flags: 

The output was:
No such file or directory


Compiling the CXX compiler identification source file "CMakeCXXCompilerId.cpp" failed.
Compiler: CMAKE_CXX_COMPILER-NOTFOUND 
Build flags: 
Id flags: -c

The output was:
No such file or directory


Checking whether the CXX compiler is IAR using "" did not match "IAR .+ Compiler":
Determining if the pthread_create exist failed with the following output:
Change Dir: /home/ubuntu/ros_workspace/drone/build/CMakeFiles/CMakeTmp

Run Build Command:/usr/bin/make "cmTryCompileExec447881419/fast"
make[1]: Entering directory `/home/ubuntu/ros_workspace/drone/build/CMakeFiles/CMakeTmp'
/usr/bin/make -f CMakeFiles/cmTryCompileExec447881419.dir/build.make CMakeFiles/cmTryCompileExec447881419.dir/build
make[2]: Entering directory `/home/ubuntu/ros_workspace/drone/build/CMakeFiles/CMakeTmp'
/usr/bin/cmake -E cmake_progress_report /home/ubuntu/ros_workspace/drone/build/CMakeFiles/CMakeTmp/CMakeFiles 1
Building C object CMakeFiles/cmTryCompileExec447881419.dir/CheckSymbolExists.c.o
/usr/bin/cc    -o CMakeFiles/cmTryCompileExec447881419.dir/CheckSymbolExists.c.o   -c /home/ubuntu/ros_workspace/drone/build/CMakeFiles/CMakeTmp/CheckSymbolExists.c
Linking C executable cmTryCompileExec447881419
/usr/bin/cmake -E cmake_link_script CMakeFiles/cmTryCompileExec447881419.dir/link.txt --verbose=1
/usr/bin/cc       CMakeFiles/cmTryCompileExec447881419.dir/CheckSymbolExists.c.o  -o cmTryCompileExec447881419 -rdynamic 
CMakeFiles/cmTryCompileExec447881419.dir/CheckSymbolExists.c.o: In function `main':
CheckSymbolExists.c:(.text+0xe): undefined reference to `pthread_create'
CheckSymbolExists.c:(.text+0x12): undefined reference to `pthread_create'
collect2: error: ld returned 1 exit status
make[2]: Leaving directory `/home/ubuntu/ros_workspace/drone/build/CMakeFiles/CMakeTmp'
make[2]: *** [cmTryCompileExec447881419] Error 1
make[1]: Leaving directory `/home/ubuntu/ros_workspace/drone/build/CMakeFiles/CMakeTmp'
make[1]: *** [cmTryCompileExec447881419/fast] Error 2

File /home/ubuntu/ros_workspace/drone/build/CMakeFiles/CMakeTmp/CheckSymbolExists.c:
/* */
#include <pthread.h>

int main(int argc, char** argv)
{
  (void)argv;
#ifndef pthread_create
  return ((int*)(&pthread_create))[argc];
#else
  (void)argc;
  return 0;
#endif
}

Determining if the function pthread_create exists in the pthreads failed with the following output:
Change Dir: /home/ubuntu/ros_workspace/drone/build/CMakeFiles/CMakeTmp

Run Build Command:/usr/bin/make "cmTryCompileExec2465271699/fast"
make[1]: Entering directory `/home/ubuntu/ros_workspace/drone/build/CMakeFiles/CMakeTmp'
/usr/bin/make -f CMakeFiles/cmTryCompileExec2465271699.dir/build.make CMakeFiles/cmTryCompileExec2465271699.dir/build
make[2]: Entering directory `/home/ubuntu/ros_workspace/drone/build/CMakeFiles/CMakeTmp'
/usr/bin/cmake -E cmake_progress_report /home/ubuntu/ros_workspace/drone/build/CMakeFiles/CMakeTmp/CMakeFiles 1
Building C object CMakeFiles/cmTryCompileExec2465271699.dir/CheckFunctionExists.c.o
/usr/bin/cc   -DCHECK_FUNCTION_EXISTS=pthread_create   -o CMakeFiles/cmTryCompileExec2465271699.dir/CheckFunctionExists.c.o   -c /usr/share/cmake-2.8/Modules/CheckFunctionExists.c
Linking C executable cmTryCompileExec2465271699
/usr/bin/cmake -E cmake_link_script CMakeFiles/cmTryCompileExec2465271699.dir/link.txt --verbose=1
/usr/bin/cc   -DCHECK_FUNCTION_EXISTS=pthread_create    CMakeFiles/cmTryCompileExec2465271699.dir/CheckFunctionExists.c.o  -o cmTryCompileExec2465271699 -rdynamic -lpthreads 
/usr/bin/ld: cannot find -lpthreads
collect2: error: ld returned 1 exit status
make[2]: Leaving directory `/home/ubuntu/ros_workspace/drone/build/CMakeFiles/CMakeTmp'
make[2]: *** [cmTryCompileExec2465271699] Error 1
make[1]: Leaving directory `/home/ubuntu/ros_workspace/drone/build/CMakeFiles/CMakeTmp'
make[1]: *** [cmTryCompileExec2465271699/fast] Error 2


